Visual Studio Code (1.104.3, ssh-remote, desktop)
Jupyter Extension Version: 2023.8.1002501831.
Python Extension not installed.
Platform: linux (x64).
Workspace folder /home/radio_heads, Home = /home/radio_heads
10:42:22.436 [info] User belongs to experiment group 'NewJupyterSession'
10:42:22.617 [error] Failure during activation. TypeError: this.vscNotebook.onDidChangeNotebookCellExecutionState is not a function
    at new Rk (~/.vscode-server/extensions/ms-toolsai.jupyter-2023.8.1002501831/out/extension.node.js:24:501992)
    at f (~/.vscode-server/extensions/ms-toolsai.jupyter-2023.8.1002501831/out/extension.node.js:2:544315)
    at ~/.vscode-server/extensions/ms-toolsai.jupyter-2023.8.1002501831/out/extension.node.js:2:546205
    at t.resolveInstance (~/.vscode-server/extensions/ms-toolsai.jupyter-2023.8.1002501831/out/extension.node.js:2:546232)
    at ~/.vscode-server/extensions/ms-toolsai.jupyter-2023.8.1002501831/out/extension.node.js:2:549264
    at ~/.vscode-server/extensions/ms-toolsai.jupyter-2023.8.1002501831/out/extension.node.js:2:549601
    at ~/.vscode-server/extensions/ms-toolsai.jupyter-2023.8.1002501831/out/extension.node.js:2:548924
    at v (~/.vscode-server/extensions/ms-toolsai.jupyter-2023.8.1002501831/out/extension.node.js:2:548956)
    at ~/.vscode-server/extensions/ms-toolsai.jupyter-2023.8.1002501831/out/extension.node.js:2:548818
    at ~/.vscode-server/extensions/ms-toolsai.jupyter-2023.8.1002501831/out/extension.node.js:2:548752
    at Array.map (<anonymous>)
    at ~/.vscode-server/extensions/ms-toolsai.jupyter-2023.8.1002501831/out/extension.node.js:2:548724
    at ~/.vscode-server/extensions/ms-toolsai.jupyter-2023.8.1002501831/out/extension.node.js:2:545563
    at Array.reduce (<anonymous>)
    at ~/.vscode-server/extensions/ms-toolsai.jupyter-2023.8.1002501831/out/extension.node.js:2:545535
    at ~/.vscode-server/extensions/ms-toolsai.jupyter-2023.8.1002501831/out/extension.node.js:2:545862
    at t.resolveInstance (~/.vscode-server/extensions/ms-toolsai.jupyter-2023.8.1002501831/out/extension.node.js:2:546232)
    at ~/.vscode-server/extensions/ms-toolsai.jupyter-2023.8.1002501831/out/extension.node.js:2:549264
    at ~/.vscode-server/extensions/ms-toolsai.jupyter-2023.8.1002501831/out/extension.node.js:2:549601
    at ~/.vscode-server/extensions/ms-toolsai.jupyter-2023.8.1002501831/out/extension.node.js:2:548924
    at v (~/.vscode-server/extensions/ms-toolsai.jupyter-2023.8.1002501831/out/extension.node.js:2:548956)
    at ~/.vscode-server/extensions/ms-toolsai.jupyter-2023.8.1002501831/out/extension.node.js:2:548818
    at t.resolve (~/.vscode-server/extensions/ms-toolsai.jupyter-2023.8.1002501831/out/extension.node.js:2:550788)
    at ~/.vscode-server/extensions/ms-toolsai.jupyter-2023.8.1002501831/out/extension.node.js:2:519761
    at e._get (~/.vscode-server/extensions/ms-toolsai.jupyter-2023.8.1002501831/out/extension.node.js:2:519130)
    at e._getButThrowIfAsync (~/.vscode-server/extensions/ms-toolsai.jupyter-2023.8.1002501831/out/extension.node.js:2:519190)
    at e.get (~/.vscode-server/extensions/ms-toolsai.jupyter-2023.8.1002501831/out/extension.node.js:2:514885)
    at up.get (~/.vscode-server/extensions/ms-toolsai.jupyter-2023.8.1002501831/out/extension.node.js:17:36027)
    at ~/.vscode-server/extensions/ms-toolsai.jupyter-2023.8.1002501831/out/extension.node.js:24:650173
    at processTicksAndRejections (node:internal/process/task_queues:105:5)
10:42:22.621 [error] sendStartupTelemetry() failed. TypeError: this.vscNotebook.onDidChangeNotebookCellExecutionState is not a function
    at new Rk (~/.vscode-server/extensions/ms-toolsai.jupyter-2023.8.1002501831/out/extension.node.js:24:501992)
    at f (~/.vscode-server/extensions/ms-toolsai.jupyter-2023.8.1002501831/out/extension.node.js:2:544315)
    at ~/.vscode-server/extensions/ms-toolsai.jupyter-2023.8.1002501831/out/extension.node.js:2:546205
    at t.resolveInstance (~/.vscode-server/extensions/ms-toolsai.jupyter-2023.8.1002501831/out/extension.node.js:2:546232)
    at ~/.vscode-server/extensions/ms-toolsai.jupyter-2023.8.1002501831/out/extension.node.js:2:549264
    at ~/.vscode-server/extensions/ms-toolsai.jupyter-2023.8.1002501831/out/extension.node.js:2:549601
    at ~/.vscode-server/extensions/ms-toolsai.jupyter-2023.8.1002501831/out/extension.node.js:2:548924
    at v (~/.vscode-server/extensions/ms-toolsai.jupyter-2023.8.1002501831/out/extension.node.js:2:548956)
    at ~/.vscode-server/extensions/ms-toolsai.jupyter-2023.8.1002501831/out/extension.node.js:2:548818
    at ~/.vscode-server/extensions/ms-toolsai.jupyter-2023.8.1002501831/out/extension.node.js:2:548752
    at Array.map (<anonymous>)
    at ~/.vscode-server/extensions/ms-toolsai.jupyter-2023.8.1002501831/out/extension.node.js:2:548724
    at ~/.vscode-server/extensions/ms-toolsai.jupyter-2023.8.1002501831/out/extension.node.js:2:545563
    at Array.reduce (<anonymous>)
    at ~/.vscode-server/extensions/ms-toolsai.jupyter-2023.8.1002501831/out/extension.node.js:2:545535
    at ~/.vscode-server/extensions/ms-toolsai.jupyter-2023.8.1002501831/out/extension.node.js:2:545862
    at t.resolveInstance (~/.vscode-server/extensions/ms-toolsai.jupyter-2023.8.1002501831/out/extension.node.js:2:546232)
    at ~/.vscode-server/extensions/ms-toolsai.jupyter-2023.8.1002501831/out/extension.node.js:2:549264
    at ~/.vscode-server/extensions/ms-toolsai.jupyter-2023.8.1002501831/out/extension.node.js:2:549601
    at ~/.vscode-server/extensions/ms-toolsai.jupyter-2023.8.1002501831/out/extension.node.js:2:548924
    at v (~/.vscode-server/extensions/ms-toolsai.jupyter-2023.8.1002501831/out/extension.node.js:2:548956)
    at ~/.vscode-server/extensions/ms-toolsai.jupyter-2023.8.1002501831/out/extension.node.js:2:548818
    at t.resolve (~/.vscode-server/extensions/ms-toolsai.jupyter-2023.8.1002501831/out/extension.node.js:2:550788)
    at ~/.vscode-server/extensions/ms-toolsai.jupyter-2023.8.1002501831/out/extension.node.js:2:519761
    at e._get (~/.vscode-server/extensions/ms-toolsai.jupyter-2023.8.1002501831/out/extension.node.js:2:519130)
    at e._getButThrowIfAsync (~/.vscode-server/extensions/ms-toolsai.jupyter-2023.8.1002501831/out/extension.node.js:2:519190)
    at e.get (~/.vscode-server/extensions/ms-toolsai.jupyter-2023.8.1002501831/out/extension.node.js:2:514885)
    at up.get (~/.vscode-server/extensions/ms-toolsai.jupyter-2023.8.1002501831/out/extension.node.js:17:36027)
    at ~/.vscode-server/extensions/ms-toolsai.jupyter-2023.8.1002501831/out/extension.node.js:24:650173
    at processTicksAndRejections (node:internal/process/task_queues:105:5)
10:42:22.621 [error] extension activation failed TypeError: this.vscNotebook.onDidChangeNotebookCellExecutionState is not a function
    at new Rk (~/.vscode-server/extensions/ms-toolsai.jupyter-2023.8.1002501831/out/extension.node.js:24:501992)
    at f (~/.vscode-server/extensions/ms-toolsai.jupyter-2023.8.1002501831/out/extension.node.js:2:544315)
    at ~/.vscode-server/extensions/ms-toolsai.jupyter-2023.8.1002501831/out/extension.node.js:2:546205
    at t.resolveInstance (~/.vscode-server/extensions/ms-toolsai.jupyter-2023.8.1002501831/out/extension.node.js:2:546232)
    at ~/.vscode-server/extensions/ms-toolsai.jupyter-2023.8.1002501831/out/extension.node.js:2:549264
    at ~/.vscode-server/extensions/ms-toolsai.jupyter-2023.8.1002501831/out/extension.node.js:2:549601
    at ~/.vscode-server/extensions/ms-toolsai.jupyter-2023.8.1002501831/out/extension.node.js:2:548924
    at v (~/.vscode-server/extensions/ms-toolsai.jupyter-2023.8.1002501831/out/extension.node.js:2:548956)
    at ~/.vscode-server/extensions/ms-toolsai.jupyter-2023.8.1002501831/out/extension.node.js:2:548818
    at ~/.vscode-server/extensions/ms-toolsai.jupyter-2023.8.1002501831/out/extension.node.js:2:548752
    at Array.map (<anonymous>)
    at ~/.vscode-server/extensions/ms-toolsai.jupyter-2023.8.1002501831/out/extension.node.js:2:548724
    at ~/.vscode-server/extensions/ms-toolsai.jupyter-2023.8.1002501831/out/extension.node.js:2:545563
    at Array.reduce (<anonymous>)
    at ~/.vscode-server/extensions/ms-toolsai.jupyter-2023.8.1002501831/out/extension.node.js:2:545535
    at ~/.vscode-server/extensions/ms-toolsai.jupyter-2023.8.1002501831/out/extension.node.js:2:545862
    at t.resolveInstance (~/.vscode-server/extensions/ms-toolsai.jupyter-2023.8.1002501831/out/extension.node.js:2:546232)
    at ~/.vscode-server/extensions/ms-toolsai.jupyter-2023.8.1002501831/out/extension.node.js:2:549264
    at ~/.vscode-server/extensions/ms-toolsai.jupyter-2023.8.1002501831/out/extension.node.js:2:549601
    at ~/.vscode-server/extensions/ms-toolsai.jupyter-2023.8.1002501831/out/extension.node.js:2:548924
    at v (~/.vscode-server/extensions/ms-toolsai.jupyter-2023.8.1002501831/out/extension.node.js:2:548956)
    at ~/.vscode-server/extensions/ms-toolsai.jupyter-2023.8.1002501831/out/extension.node.js:2:548818
    at t.resolve (~/.vscode-server/extensions/ms-toolsai.jupyter-2023.8.1002501831/out/extension.node.js:2:550788)
    at ~/.vscode-server/extensions/ms-toolsai.jupyter-2023.8.1002501831/out/extension.node.js:2:519761
    at e._get (~/.vscode-server/extensions/ms-toolsai.jupyter-2023.8.1002501831/out/extension.node.js:2:519130)
    at e._getButThrowIfAsync (~/.vscode-server/extensions/ms-toolsai.jupyter-2023.8.1002501831/out/extension.node.js:2:519190)
    at e.get (~/.vscode-server/extensions/ms-toolsai.jupyter-2023.8.1002501831/out/extension.node.js:2:514885)
    at up.get (~/.vscode-server/extensions/ms-toolsai.jupyter-2023.8.1002501831/out/extension.node.js:17:36027)
    at ~/.vscode-server/extensions/ms-toolsai.jupyter-2023.8.1002501831/out/extension.node.js:24:650173
    at processTicksAndRejections (node:internal/process/task_queues:105:5)
10:42:22.656 [error] Failed to active the Jupyter Extension TypeError: this.vscNotebook.onDidChangeNotebookCellExecutionState is not a function
    at new Rk (~/.vscode-server/extensions/ms-toolsai.jupyter-2023.8.1002501831/out/extension.node.js:24:501992)
    at f (~/.vscode-server/extensions/ms-toolsai.jupyter-2023.8.1002501831/out/extension.node.js:2:544315)
    at ~/.vscode-server/extensions/ms-toolsai.jupyter-2023.8.1002501831/out/extension.node.js:2:546205
    at t.resolveInstance (~/.vscode-server/extensions/ms-toolsai.jupyter-2023.8.1002501831/out/extension.node.js:2:546232)
    at ~/.vscode-server/extensions/ms-toolsai.jupyter-2023.8.1002501831/out/extension.node.js:2:549264
    at ~/.vscode-server/extensions/ms-toolsai.jupyter-2023.8.1002501831/out/extension.node.js:2:549601
    at ~/.vscode-server/extensions/ms-toolsai.jupyter-2023.8.1002501831/out/extension.node.js:2:548924
    at v (~/.vscode-server/extensions/ms-toolsai.jupyter-2023.8.1002501831/out/extension.node.js:2:548956)
    at ~/.vscode-server/extensions/ms-toolsai.jupyter-2023.8.1002501831/out/extension.node.js:2:548818
    at ~/.vscode-server/extensions/ms-toolsai.jupyter-2023.8.1002501831/out/extension.node.js:2:548752
    at Array.map (<anonymous>)
    at ~/.vscode-server/extensions/ms-toolsai.jupyter-2023.8.1002501831/out/extension.node.js:2:548724
    at ~/.vscode-server/extensions/ms-toolsai.jupyter-2023.8.1002501831/out/extension.node.js:2:545563
    at Array.reduce (<anonymous>)
    at ~/.vscode-server/extensions/ms-toolsai.jupyter-2023.8.1002501831/out/extension.node.js:2:545535
    at ~/.vscode-server/extensions/ms-toolsai.jupyter-2023.8.1002501831/out/extension.node.js:2:545862
    at t.resolveInstance (~/.vscode-server/extensions/ms-toolsai.jupyter-2023.8.1002501831/out/extension.node.js:2:546232)
    at ~/.vscode-server/extensions/ms-toolsai.jupyter-2023.8.1002501831/out/extension.node.js:2:549264
    at ~/.vscode-server/extensions/ms-toolsai.jupyter-2023.8.1002501831/out/extension.node.js:2:549601
    at ~/.vscode-server/extensions/ms-toolsai.jupyter-2023.8.1002501831/out/extension.node.js:2:548924
    at v (~/.vscode-server/extensions/ms-toolsai.jupyter-2023.8.1002501831/out/extension.node.js:2:548956)
    at ~/.vscode-server/extensions/ms-toolsai.jupyter-2023.8.1002501831/out/extension.node.js:2:548818
    at t.resolve (~/.vscode-server/extensions/ms-toolsai.jupyter-2023.8.1002501831/out/extension.node.js:2:550788)
    at ~/.vscode-server/extensions/ms-toolsai.jupyter-2023.8.1002501831/out/extension.node.js:2:519761
    at e._get (~/.vscode-server/extensions/ms-toolsai.jupyter-2023.8.1002501831/out/extension.node.js:2:519130)
    at e._getButThrowIfAsync (~/.vscode-server/extensions/ms-toolsai.jupyter-2023.8.1002501831/out/extension.node.js:2:519190)
    at e.get (~/.vscode-server/extensions/ms-toolsai.jupyter-2023.8.1002501831/out/extension.node.js:2:514885)
    at up.get (~/.vscode-server/extensions/ms-toolsai.jupyter-2023.8.1002501831/out/extension.node.js:17:36027)
    at ~/.vscode-server/extensions/ms-toolsai.jupyter-2023.8.1002501831/out/extension.node.js:24:650173
    at processTicksAndRejections (node:internal/process/task_queues:105:5)
10:42:23.688 [info] Using Pylance
